<?xml version="1.0" encoding="UTF-8" ?>
<testsuite errors="0" failures="0" hostname="ismriv-laptop" name="eu.morfeoproject.fast.catalogue.BuildingBlockTest" tests="10" time="7.805" timestamp="2010-11-22T14:27:06">
  <properties>
    <property name="java.vendor" value="Sun Microsystems Inc." />
    <property name="sun.java.launcher" value="SUN_STANDARD" />
    <property name="eclipse.pdebuild.templates" value="/usr/lib/eclipse/plugins/org.eclipse.pde.build_3.5.2.R35x_20100114/templates//" />
    <property name="sun.management.compiler" value="HotSpot Tiered Compilers" />
    <property name="test.data.dir" value="/home/ismriv/eclipse-workspace/FASTCatalogue/test/data" />
    <property name="docs.dir" value="/home/ismriv/eclipse-workspace/FASTCatalogue/docs" />
    <property name="os.name" value="Linux" />
    <property name="sun.boot.class.path" value="/usr/lib/jvm/java-6-openjdk/jre/lib/resources.jar:/usr/lib/jvm/java-6-openjdk/jre/lib/rt.jar:/usr/lib/jvm/java-6-openjdk/jre/lib/sunrsasign.jar:/usr/lib/jvm/java-6-openjdk/jre/lib/jsse.jar:/usr/lib/jvm/java-6-openjdk/jre/lib/jce.jar:/usr/lib/jvm/java-6-openjdk/jre/lib/charsets.jar:/usr/lib/jvm/java-6-openjdk/jre/lib/rhino.jar:/usr/lib/jvm/java-6-openjdk/jre/classes" />
    <property name="test.reports.dir" value="/home/ismriv/eclipse-workspace/FASTCatalogue/test/reports" />
    <property name="ant.file.Catalogue" value="/home/ismriv/eclipse-workspace/FASTCatalogue/build.xml" />
    <property name="sun.desktop" value="gnome" />
    <property name="java.vm.specification.vendor" value="Sun Microsystems Inc." />
    <property name="ant.home" value="/usr/lib/eclipse/plugins/org.apache.ant_1.7.1.v20090120-1145" />
    <property name="java.runtime.version" value="1.6.0_18-b18" />
    <property name="user.name" value="ismriv" />
    <property name="build.dir" value="/home/ismriv/eclipse-workspace/FASTCatalogue/build" />
    <property name="user.language" value="en" />
    <property name="sun.boot.library.path" value="/usr/lib/jvm/java-6-openjdk/jre/lib/i386" />
    <property name="ant.project.name" value="Catalogue" />
    <property name="java.version" value="1.6.0_18" />
    <property name="user.timezone" value="" />
    <property name="sun.arch.data.model" value="32" />
    <property name="java.endorsed.dirs" value="/usr/lib/jvm/java-6-openjdk/jre/lib/endorsed" />
    <property name="sun.cpu.isalist" value="" />
    <property name="sun.jnu.encoding" value="UTF-8" />
    <property name="file.encoding.pkg" value="sun.io" />
    <property name="file.separator" value="/" />
    <property name="java.specification.name" value="Java Platform API Specification" />
    <property name="java.class.version" value="50.0" />
    <property name="user.country" value="IE" />
    <property name="java.home" value="/usr/lib/jvm/java-6-openjdk/jre" />
    <property name="dist.dir" value="/home/ismriv/eclipse-workspace/FASTCatalogue/dist" />
    <property name="java.vm.info" value="mixed mode" />
    <property name="ant.file" value="/home/ismriv/eclipse-workspace/FASTCatalogue/build.xml" />
    <property name="os.version" value="2.6.32-25-generic" />
    <property name="path.separator" value=":" />
    <property name="java.vm.version" value="16.0-b13" />
    <property name="web.dir" value="/home/ismriv/eclipse-workspace/FASTCatalogue/WebContent" />
    <property name="ant.library.dir" value="/usr/lib/eclipse/plugins/org.apache.ant_1.7.1.v20090120-1145/lib" />
    <property name="java.awt.printerjob" value="sun.print.PSPrinterJob" />
    <property name="sun.io.unicode.encoding" value="UnicodeLittle" />
    <property name="eclipse.pdebuild.scripts" value="/usr/lib/eclipse/plugins/org.eclipse.pde.build_3.5.2.R35x_20100114/scripts//" />
    <property name="user.home" value="/home/ismriv" />
    <property name="java.specification.vendor" value="Sun Microsystems Inc." />
    <property name="app.path" value="/FASTCatalogue" />
    <property name="test.dir" value="/home/ismriv/eclipse-workspace/FASTCatalogue/test" />
    <property name="java.library.path" value="/usr/lib/jvm/java-6-openjdk/jre/lib/i386/server:/usr/lib/jvm/java-6-openjdk/jre/lib/i386:/usr/lib/jvm/java-6-openjdk/jre/../lib/i386:/usr/lib/jvm/java-6-sun-1.6.0.22/jre/lib/i386/client:/usr/lib/jvm/java-6-sun-1.6.0.22/jre/lib/i386:/usr/lib/xulrunner-1.9.2.12:/usr/lib/xulrunner-1.9.2.12:/usr/java/packages/lib/i386:/usr/lib/jni:/lib:/usr/lib" />
    <property name="java.vendor.url" value="http://java.sun.com/" />
    <property name="java.vm.vendor" value="Sun Microsystems Inc." />
    <property name="java.runtime.name" value="OpenJDK Runtime Environment" />
    <property name="java.class.path" value="/home/ismriv/eclipse-workspace/FASTCatalogue/build/WEB-INF/classes:/home/ismriv/eclipse-workspace/FASTCatalogue/build/WEB-INF/lib/aduna-appbase-core-3.4.jar:/home/ismriv/eclipse-workspace/FASTCatalogue/build/WEB-INF/lib/aduna-appbase-logging-api-3.4.jar:/home/ismriv/eclipse-workspace/FASTCatalogue/build/WEB-INF/lib/aduna-appbase-logging-file-3.4.jar:/home/ismriv/eclipse-workspace/FASTCatalogue/build/WEB-INF/lib/aduna-appbase-webapp-base-core-3.4.jar:/home/ismriv/eclipse-workspace/FASTCatalogue/build/WEB-INF/lib/aduna-commons-collections-2.3.jar:/home/ismriv/eclipse-workspace/FASTCatalogue/build/WEB-INF/lib/aduna-commons-concurrent-2.2.jar:/home/ismriv/eclipse-workspace/FASTCatalogue/build/WEB-INF/lib/aduna-commons-i18n-1.0.jar:/home/ismriv/eclipse-workspace/FASTCatalogue/build/WEB-INF/lib/aduna-commons-io-2.4.jar:/home/ismriv/eclipse-workspace/FASTCatalogue/build/WEB-INF/lib/aduna-commons-iteration-2.3.jar:/home/ismriv/eclipse-workspace/FASTCatalogue/build/WEB-INF/lib/aduna-commons-lang-2.2.jar:/home/ismriv/eclipse-workspace/FASTCatalogue/build/WEB-INF/lib/aduna-commons-net-2.2.jar:/home/ismriv/eclipse-workspace/FASTCatalogue/build/WEB-INF/lib/aduna-commons-platform-info-2.4.jar:/home/ismriv/eclipse-workspace/FASTCatalogue/build/WEB-INF/lib/aduna-commons-text-2.2.jar:/home/ismriv/eclipse-workspace/FASTCatalogue/build/WEB-INF/lib/aduna-commons-webapp-core-2.3.jar:/home/ismriv/eclipse-workspace/FASTCatalogue/build/WEB-INF/lib/aduna-commons-xml-2.2.jar:/home/ismriv/eclipse-workspace/FASTCatalogue/build/WEB-INF/lib/antlr-2.7.5.jar:/home/ismriv/eclipse-workspace/FASTCatalogue/build/WEB-INF/lib/arq-1.4.jar:/home/ismriv/eclipse-workspace/FASTCatalogue/build/WEB-INF/lib/commons-cli-1.2.jar:/home/ismriv/eclipse-workspace/FASTCatalogue/build/WEB-INF/lib/commons-codec-1.3.jar:/home/ismriv/eclipse-workspace/FASTCatalogue/build/WEB-INF/lib/commons-dbcp-1.2.2.jar:/home/ismriv/eclipse-workspace/FASTCatalogue/build/WEB-INF/lib/commons-httpclient-3.1.jar:/home/ismriv/eclipse-workspace/FASTCatalogue/build/WEB-INF/lib/commons-io-1.4.jar:/home/ismriv/eclipse-workspace/FASTCatalogue/build/WEB-INF/lib/commons-logging-1.0.4.jar:/home/ismriv/eclipse-workspace/FASTCatalogue/build/WEB-INF/lib/commons-pool-1.3.jar:/home/ismriv/eclipse-workspace/FASTCatalogue/build/WEB-INF/lib/concurrent-1.3.4.jar:/home/ismriv/eclipse-workspace/FASTCatalogue/build/WEB-INF/lib/freemarker.jar:/home/ismriv/eclipse-workspace/FASTCatalogue/build/WEB-INF/lib/httpclient-4.0.3.jar:/home/ismriv/eclipse-workspace/FASTCatalogue/build/WEB-INF/lib/httpcore-4.0.1.jar:/home/ismriv/eclipse-workspace/FASTCatalogue/build/WEB-INF/lib/httpcore-nio-4.0.1.jar:/home/ismriv/eclipse-workspace/FASTCatalogue/build/WEB-INF/lib/httpmime-4.0.3.jar:/home/ismriv/eclipse-workspace/FASTCatalogue/build/WEB-INF/lib/icu4j-3.4.4.jar:/home/ismriv/eclipse-workspace/FASTCatalogue/build/WEB-INF/lib/iri-2.4.jar:/home/ismriv/eclipse-workspace/FASTCatalogue/build/WEB-INF/lib/jcl104-over-slf4j-1.5.0.jar:/home/ismriv/eclipse-workspace/FASTCatalogue/build/WEB-INF/lib/jena-2.4.jar:/home/ismriv/eclipse-workspace/FASTCatalogue/build/WEB-INF/lib/json.jar:/home/ismriv/eclipse-workspace/FASTCatalogue/build/WEB-INF/lib/json_simple-1.1.jar:/home/ismriv/eclipse-workspace/FASTCatalogue/build/WEB-INF/lib/junit-4.5.jar:/home/ismriv/eclipse-workspace/FASTCatalogue/build/WEB-INF/lib/log4j-1.2.14.jar:/home/ismriv/eclipse-workspace/FASTCatalogue/build/WEB-INF/lib/mysql-connector-java-5.1.7-bin.jar:/home/ismriv/eclipse-workspace/FASTCatalogue/build/WEB-INF/lib/postgresql-8.3-603.jdbc4.jar:/home/ismriv/eclipse-workspace/FASTCatalogue/build/WEB-INF/lib/rdf2go.api-4.7.3.jar:/home/ismriv/eclipse-workspace/FASTCatalogue/build/WEB-INF/lib/rdf2go.impl.base.test-4.7.3.jar:/home/ismriv/eclipse-workspace/FASTCatalogue/build/WEB-INF/lib/rdf2go.impl.jena24-4.7.2.jar:/home/ismriv/eclipse-workspace/FASTCatalogue/build/WEB-INF/lib/rdf2go.impl.sesame23-4.7.3.jar:/home/ismriv/eclipse-workspace/FASTCatalogue/build/WEB-INF/lib/sesame-console-2.2.3.jar:/home/ismriv/eclipse-workspace/FASTCatalogue/build/WEB-INF/lib/sesame-http-client-2.2.3.jar:/home/ismriv/eclipse-workspace/FASTCatalogue/build/WEB-INF/lib/sesame-http-protocol-2.2.3.jar:/home/ismriv/eclipse-workspace/FASTCatalogue/build/WEB-INF/lib/sesame-http-server-spring-2.2.3.jar:/home/ismriv/eclipse-workspace/FASTCatalogue/build/WEB-INF/lib/sesame-model-2.2.3.jar:/home/ismriv/eclipse-workspace/FASTCatalogue/build/WEB-INF/lib/sesame-query-2.2.3.jar:/home/ismriv/eclipse-workspace/FASTCatalogue/build/WEB-INF/lib/sesame-queryalgebra-evaluation-2.2.3.jar:/home/ismriv/eclipse-workspace/FASTCatalogue/build/WEB-INF/lib/sesame-queryalgebra-model-2.2.3.jar:/home/ismriv/eclipse-workspace/FASTCatalogue/build/WEB-INF/lib/sesame-queryparser-api-2.2.3.jar:/home/ismriv/eclipse-workspace/FASTCatalogue/build/WEB-INF/lib/sesame-queryparser-serql-2.2.3.jar:/home/ismriv/eclipse-workspace/FASTCatalogue/build/WEB-INF/lib/sesame-queryparser-sparql-2.2.3.jar:/home/ismriv/eclipse-workspace/FASTCatalogue/build/WEB-INF/lib/sesame-queryresultio-api-2.2.3.jar:/home/ismriv/eclipse-workspace/FASTCatalogue/build/WEB-INF/lib/sesame-queryresultio-binary-2.2.3.jar:/home/ismriv/eclipse-workspace/FASTCatalogue/build/WEB-INF/lib/sesame-queryresultio-sparqljson-2.2.3.jar:/home/ismriv/eclipse-workspace/FASTCatalogue/build/WEB-INF/lib/sesame-queryresultio-sparqlxml-2.2.3.jar:/home/ismriv/eclipse-workspace/FASTCatalogue/build/WEB-INF/lib/sesame-queryresultio-text-2.2.3.jar:/home/ismriv/eclipse-workspace/FASTCatalogue/build/WEB-INF/lib/sesame-repository-api-2.2.3.jar:/home/ismriv/eclipse-workspace/FASTCatalogue/build/WEB-INF/lib/sesame-repository-contextaware-2.2.3.jar:/home/ismriv/eclipse-workspace/FASTCatalogue/build/WEB-INF/lib/sesame-repository-dataset-2.2.3.jar:/home/ismriv/eclipse-workspace/FASTCatalogue/build/WEB-INF/lib/sesame-repository-event-2.2.3.jar:/home/ismriv/eclipse-workspace/FASTCatalogue/build/WEB-INF/lib/sesame-repository-http-2.2.3.jar:/home/ismriv/eclipse-workspace/FASTCatalogue/build/WEB-INF/lib/sesame-repository-manager-2.2.3.jar:/home/ismriv/eclipse-workspace/FASTCatalogue/build/WEB-INF/lib/sesame-repository-sail-2.2.3.jar:/home/ismriv/eclipse-workspace/FASTCatalogue/build/WEB-INF/lib/sesame-rio-api-2.2.3.jar:/home/ismriv/eclipse-workspace/FASTCatalogue/build/WEB-INF/lib/sesame-rio-n3-2.2.3.jar:/home/ismriv/eclipse-workspace/FASTCatalogue/build/WEB-INF/lib/sesame-rio-ntriples-2.2.3.jar:/home/ismriv/eclipse-workspace/FASTCatalogue/build/WEB-INF/lib/sesame-rio-rdfxml-2.2.3.jar:/home/ismriv/eclipse-workspace/FASTCatalogue/build/WEB-INF/lib/sesame-rio-trig-2.2.3.jar:/home/ismriv/eclipse-workspace/FASTCatalogue/build/WEB-INF/lib/sesame-rio-trix-2.2.3.jar:/home/ismriv/eclipse-workspace/FASTCatalogue/build/WEB-INF/lib/sesame-rio-turtle-2.2.3.jar:/home/ismriv/eclipse-workspace/FASTCatalogue/build/WEB-INF/lib/sesame-runtime-2.2.3.jar:/home/ismriv/eclipse-workspace/FASTCatalogue/build/WEB-INF/lib/sesame-runtime-osgi-2.3-pr1.jar:/home/ismriv/eclipse-workspace/FASTCatalogue/build/WEB-INF/lib/sesame-sail-api-2.2.3.jar:/home/ismriv/eclipse-workspace/FASTCatalogue/build/WEB-INF/lib/sesame-sail-inferencer-2.2.3.jar:/home/ismriv/eclipse-workspace/FASTCatalogue/build/WEB-INF/lib/sesame-sail-memory-2.2.3.jar:/home/ismriv/eclipse-workspace/FASTCatalogue/build/WEB-INF/lib/sesame-sail-nativerdf-2.2.3.jar:/home/ismriv/eclipse-workspace/FASTCatalogue/build/WEB-INF/lib/sesame-sail-rdbms-2.2.3.jar:/home/ismriv/eclipse-workspace/FASTCatalogue/build/WEB-INF/lib/slf4j-api-1.5.6.jar:/home/ismriv/eclipse-workspace/FASTCatalogue/build/WEB-INF/lib/slf4j-log4j12-1.5.6.jar:/home/ismriv/eclipse-workspace/FASTCatalogue/build/WEB-INF/lib/stax-api-1.0.1.jar:/home/ismriv/eclipse-workspace/FASTCatalogue/build/WEB-INF/lib/wstx-lgpl-3.1.1.jar:/home/ismriv/eclipse-workspace/FASTCatalogue/build/WEB-INF/lib/xercesImpl-2.7.1.jar:/home/ismriv/eclipse-workspace/FASTCatalogue/build/WEB-INF/lib/xml-apis-1.3.02.jar:/usr/share/java/ant-launcher-1.7.1.jar:/usr/share/java/ant-1.7.1.jar:/usr/share/java/ant-junit-1.7.1.jar" />
    <property name="ant.version" value="Apache Ant version 1.7.1 compiled on September 8 2010" />
    <property name="catalina.dir" value="/opt/apache-tomcat-6.0.29/" />
    <property name="app.name" value="FASTCatalogue" />
    <property name="java.vm.specification.name" value="Java Virtual Machine Specification" />
    <property name="java.vm.specification.version" value="1.0" />
    <property name="sun.cpu.endian" value="little" />
    <property name="sun.os.patch.level" value="unknown" />
    <property name="eclipse.pdebuild.home" value="/usr/lib/eclipse/plugins/org.eclipse.pde.build_3.5.2.R35x_20100114/.//" />
    <property name="java.io.tmpdir" value="/tmp" />
    <property name="java.vendor.url.bug" value="http://java.sun.com/cgi-bin/bugreport.cgi" />
    <property name="os.arch" value="i386" />
    <property name="java.awt.graphicsenv" value="sun.awt.X11GraphicsEnvironment" />
    <property name="java.ext.dirs" value="/usr/lib/jvm/java-6-openjdk/jre/lib/ext:/usr/java/packages/lib/ext" />
    <property name="user.dir" value="/home/ismriv/eclipse-workspace/FASTCatalogue" />
    <property name="line.separator" value="
" />
    <property name="java.vm.name" value="OpenJDK Server VM" />
    <property name="app.version" value="0.1-dev" />
    <property name="basedir" value="/home/ismriv/eclipse-workspace/FASTCatalogue" />
    <property name="ant.java.version" value="1.6" />
    <property name="ant.core.lib" value="/usr/share/java/ant-1.7.1.jar" />
    <property name="file.encoding" value="UTF-8" />
    <property name="java.specification.version" value="1.6" />
    <property name="src.dir" value="/home/ismriv/eclipse-workspace/FASTCatalogue/src" />
  </properties>
  <testcase classname="eu.morfeoproject.fast.catalogue.BuildingBlockTest" name="testCheck" time="2.633" />
  <testcase classname="eu.morfeoproject.fast.catalogue.BuildingBlockTest" name="testCreateForm" time="1.33" />
  <testcase classname="eu.morfeoproject.fast.catalogue.BuildingBlockTest" name="testCreateOperator" time="0.443" />
  <testcase classname="eu.morfeoproject.fast.catalogue.BuildingBlockTest" name="testCreateBackendService1" time="0.621" />
  <testcase classname="eu.morfeoproject.fast.catalogue.BuildingBlockTest" name="testCreateBackendService2" time="0.622" />
  <testcase classname="eu.morfeoproject.fast.catalogue.BuildingBlockTest" name="testCreatePostcondition" time="0.527" />
  <testcase classname="eu.morfeoproject.fast.catalogue.BuildingBlockTest" name="testCreateScreen1" time="0.4" />
  <testcase classname="eu.morfeoproject.fast.catalogue.BuildingBlockTest" name="testCreateScreen2" time="0.306" />
  <testcase classname="eu.morfeoproject.fast.catalogue.BuildingBlockTest" name="testCreateConcept" time="0.272" />
  <testcase classname="eu.morfeoproject.fast.catalogue.BuildingBlockTest" name="testRemoveScreen" time="0.365" />
  <system-out><![CDATA[]]></system-out>
  <system-err><![CDATA[]]></system-err>
</testsuite>
